[html-theme-kocina.vercel.app/index.html]
[backblue.gif]
[fade.gif]
[index.html]
[html-theme-kocina.vercel.app/img/favicon.png]
[html-theme-kocina.vercel.app/js/uikit.js]
[html-theme-kocina.vercel.app/css/main.css]
[html-theme-kocina.vercel.app/index-2.html]
[html-theme-kocina.vercel.app/recipe.html]
[html-theme-kocina.vercel.app/search.html]
[html-theme-kocina.vercel.app/contact.html]
[html-theme-kocina.vercel.app/sign-in.html]
[html-theme-kocina.vercel.app/sign-up.html]
[html-theme-kocina.vercel.app/img/header.jpg]
[html-theme-kocina.vercel.app/index.html]
[html-theme-kocina.vercel.app/css/main.css]
[html-theme-kocina.vercel.app/index-2.html]
[html-theme-kocina.vercel.app/recipe.html]
[html-theme-kocina.vercel.app/search.html]
[html-theme-kocina.vercel.app/contact.html]
[html-theme-kocina.vercel.app/sign-in.html]
[html-theme-kocina.vercel.app/sign-up.html]
